2024-11-26 21:26:17 - Game initialized. White's turn to play.
2024-11-26 21:26:35 - Screen coords (1296, 674) -> Board coords [5, 6]
2024-11-26 21:26:35 - Board Position: G3 [White]
2024-11-26 21:26:35 - White piece selected at G3
2024-11-26 21:26:35 - Valid moves: F4 H4 
2024-11-26 21:26:37 - Screen coords (1395, 548) -> Board coords [4, 7]
2024-11-26 21:26:37 - Board Position: H4 [Empty]
2024-11-26 21:26:37 - Attempting move G3 to H4
2024-11-26 21:26:37 - Move successful: G3 -> H4
2024-11-26 21:26:37 - Black's turn to play
2024-11-26 21:26:37 - Selection cleared
2024-11-26 21:26:39 - Screen coords (1348, 561) -> Board coords [4, 7]
2024-11-26 21:26:39 - Board Position: H4 [White]
2024-11-26 21:26:39 - Invalid Selection: It's Black's turn
2024-11-26 21:26:39 - Screen coords (1348, 561) -> Board coords [4, 7]
2024-11-26 21:26:39 - Board Position: H4 [White]
2024-11-26 21:26:39 - Invalid Selection: It's Black's turn
2024-11-26 21:26:40 - Screen coords (1466, 594) -> Board coords [4, 7]
2024-11-26 21:26:40 - Board Position: H4 [White]
2024-11-26 21:26:40 - Invalid Selection: It's Black's turn
2024-11-26 21:26:40 - Screen coords (1466, 594) -> Board coords [4, 7]
2024-11-26 21:26:40 - Board Position: H4 [White]
2024-11-26 21:26:40 - Invalid Selection: It's Black's turn
2024-11-26 21:26:41 - Screen coords (1000, 681) -> Board coords [5, 4]
2024-11-26 21:26:41 - Board Position: E3 [White]
2024-11-26 21:26:41 - Invalid Selection: It's Black's turn
2024-11-26 21:26:41 - Screen coords (1000, 681) -> Board coords [5, 4]
2024-11-26 21:26:41 - Board Position: E3 [White]
2024-11-26 21:26:41 - Invalid Selection: It's Black's turn
2024-11-26 21:26:41 - Screen coords (1000, 681) -> Board coords [5, 4]
2024-11-26 21:26:41 - Board Position: E3 [White]
2024-11-26 21:26:41 - Invalid Selection: It's Black's turn
2024-11-26 21:26:42 - Screen coords (1117, 377) -> Board coords [2, 5]
2024-11-26 21:26:42 - Board Position: F6 [Black]
2024-11-26 21:26:42 - Black piece selected at F6
2024-11-26 21:26:42 - Valid moves: E5 G5 
2024-11-26 21:26:44 - Screen coords (1003, 494) -> Board coords [3, 4]
2024-11-26 21:26:44 - Board Position: E5 [Empty]
2024-11-26 21:26:44 - Attempting move F6 to E5
2024-11-26 21:26:44 - Move successful: F6 -> E5
2024-11-26 21:26:44 - White's turn to play
2024-11-26 21:26:44 - Selection cleared
2024-11-26 21:26:45 - Screen coords (1387, 551) -> Board coords [4, 7]
2024-11-26 21:26:45 - Board Position: H4 [White]
2024-11-26 21:26:45 - White piece selected at H4
2024-11-26 21:26:45 - Valid moves: G5 
2024-11-26 21:26:46 - Screen coords (1275, 496) -> Board coords [3, 6]
2024-11-26 21:26:46 - Board Position: G5 [Empty]
2024-11-26 21:26:46 - Attempting move H4 to G5
2024-11-26 21:26:46 - Move successful: H4 -> G5
2024-11-26 21:26:46 - Black's turn to play
2024-11-26 21:26:46 - Selection cleared
2024-11-26 21:26:48 - Screen coords (891, 370) -> Board coords [2, 3]
2024-11-26 21:26:48 - Board Position: D6 [Black]
2024-11-26 21:26:48 - Black piece selected at D6
2024-11-26 21:26:48 - Valid moves: C5 
2024-11-26 21:26:49 - Screen coords (745, 472) -> Board coords [3, 2]
2024-11-26 21:26:49 - Board Position: C5 [Empty]
2024-11-26 21:26:49 - Attempting move D6 to C5
2024-11-26 21:26:49 - Move successful: D6 -> C5
2024-11-26 21:26:49 - White's turn to play
2024-11-26 21:26:49 - Selection cleared
2024-11-26 21:26:50 - Screen coords (1261, 466) -> Board coords [3, 6]
2024-11-26 21:26:50 - Board Position: G5 [White]
2024-11-26 21:26:50 - White piece selected at G5
2024-11-26 21:26:50 - Valid moves: F6 
2024-11-26 21:26:51 - Screen coords (1135, 391) -> Board coords [2, 5]
2024-11-26 21:26:51 - Board Position: F6 [Empty]
2024-11-26 21:26:51 - Attempting move G5 to F6
2024-11-26 21:26:51 - Move successful: G5 -> F6
2024-11-26 21:26:51 - Black's turn to play
2024-11-26 21:26:51 - Selection cleared
2024-11-26 21:26:52 - Screen coords (1031, 313) -> Board coords [1, 4]
2024-11-26 21:26:52 - Board Position: E7 [Black]
2024-11-26 21:26:52 - Black piece selected at E7
2024-11-26 21:26:52 - Valid moves: D6 G5 
2024-11-26 21:26:54 - Screen coords (947, 373) -> Board coords [2, 3]
2024-11-26 21:26:54 - Board Position: D6 [Empty]
2024-11-26 21:26:54 - Attempting move E7 to D6
2024-11-26 21:26:54 - Move successful: E7 -> D6
2024-11-26 21:26:54 - White's turn to play
2024-11-26 21:26:54 - Selection cleared
2024-11-26 21:26:56 - Screen coords (1179, 811) -> Board coords [6, 5]
2024-11-26 21:26:56 - Board Position: F2 [White]
2024-11-26 21:26:56 - White piece selected at F2
2024-11-26 21:26:56 - Valid moves: G3 
2024-11-26 21:26:57 - Screen coords (1425, 773) -> Board coords [6, 7]
2024-11-26 21:26:57 - Board Position: H2 [White]
2024-11-26 21:26:57 - Attempting move F2 to H2
2024-11-26 21:26:57 - Invalid move: Not in list of valid moves
2024-11-26 21:26:57 - Selection cleared
2024-11-26 21:26:58 - Screen coords (1462, 787) -> Board coords [6, 7]
2024-11-26 21:26:58 - Board Position: H2 [White]
2024-11-26 21:26:58 - White piece selected at H2
2024-11-26 21:26:58 - Valid moves: G3 
2024-11-26 21:27:02 - Screen coords (1277, 698) -> Board coords [5, 6]
2024-11-26 21:27:02 - Board Position: G3 [Empty]
2024-11-26 21:27:02 - Attempting move H2 to G3
2024-11-26 21:27:02 - Move successful: H2 -> G3
2024-11-26 21:27:02 - Black's turn to play
2024-11-26 21:27:02 - Selection cleared
2024-11-26 21:27:03 - Screen coords (876, 220) -> Board coords [0, 3]
2024-11-26 21:27:03 - Board Position: D8 [Black]
2024-11-26 21:27:03 - Black piece selected at D8
2024-11-26 21:27:03 - Valid moves: E7 
2024-11-26 21:27:04 - Screen coords (1014, 291) -> Board coords [1, 4]
2024-11-26 21:27:04 - Board Position: E7 [Empty]
2024-11-26 21:27:04 - Attempting move D8 to E7
2024-11-26 21:27:04 - Move successful: D8 -> E7
2024-11-26 21:27:04 - White's turn to play
2024-11-26 21:27:04 - Selection cleared
2024-11-26 21:27:05 - Screen coords (1105, 338) -> Board coords [1, 5]
2024-11-26 21:27:05 - Board Position: F7 [Empty]
2024-11-26 21:27:06 - Screen coords (1115, 357) -> Board coords [2, 5]
2024-11-26 21:27:06 - Board Position: F6 [White]
2024-11-26 21:27:06 - White piece selected at F6
2024-11-26 21:27:06 - Valid moves: D8 
2024-11-26 21:27:09 - Screen coords (894, 229) -> Board coords [0, 3]
2024-11-26 21:27:09 - Board Position: D8 [Empty]
2024-11-26 21:27:09 - Attempting move F6 to D8
2024-11-26 21:27:09 - Move successful: F6 -> D8
2024-11-26 21:27:09 - White captures a piece! Score: 1
2024-11-26 21:27:09 - Capture occurred! White can move again.
2024-11-26 21:27:09 - Selection cleared
2024-11-26 21:27:12 - Screen coords (888, 232) -> Board coords [0, 3]
2024-11-26 21:27:12 - Board Position: D8 [White King]
2024-11-26 21:27:12 - White piece selected at D8
2024-11-26 21:27:12 - Valid moves: H4 A5 G5 F6 E7 E7 F6 G5 A5 H4 
2024-11-26 21:27:14 - Screen coords (537, 461) -> Board coords [3, 0]
2024-11-26 21:27:14 - Board Position: A5 [Empty]
2024-11-26 21:27:14 - Attempting move D8 to A5
2024-11-26 21:27:14 - Move successful: D8 -> A5
2024-11-26 21:27:14 - White captures a piece! Score: 2
2024-11-26 21:27:14 - Capture occurred! White can move again.
2024-11-26 21:27:14 - Selection cleared
2024-11-26 21:27:29 - Screen coords (537, 461) -> Board coords [3, 0]
2024-11-26 21:27:29 - Board Position: A5 [White King]
2024-11-26 21:27:29 - White piece selected at A5
2024-11-26 21:27:29 - Valid moves: D8 C7 B6 B4 B4 B6 C7 D8 
2024-11-26 21:27:32 - Screen coords (804, 314) -> Board coords [1, 2]
2024-11-26 21:27:32 - Board Position: C7 [Empty]
2024-11-26 21:27:32 - Attempting move A5 to C7
2024-11-26 21:27:32 - Move successful: A5 -> C7
2024-11-26 21:27:32 - Black's turn to play
2024-11-26 21:27:32 - Selection cleared
2024-11-26 21:27:35 - Screen coords (923, 400) -> Board coords [2, 3]
2024-11-26 21:27:35 - Board Position: D6 [Black]
2024-11-26 21:27:35 - Black piece selected at D6
2024-11-26 21:27:35 - No valid moves available for this piece
2024-11-26 21:27:36 - Screen coords (783, 493) -> Board coords [3, 2]
2024-11-26 21:27:36 - Board Position: C5 [Black]
2024-11-26 21:27:36 - Attempting move D6 to C5
2024-11-26 21:27:36 - Invalid move: Not in list of valid moves
2024-11-26 21:27:36 - Selection cleared
2024-11-26 21:27:37 - Screen coords (1007, 497) -> Board coords [3, 4]
2024-11-26 21:27:37 - Board Position: E5 [Black]
2024-11-26 21:27:37 - Black piece selected at E5
2024-11-26 21:27:37 - Valid moves: D4 F4 
2024-11-26 21:27:38 - Screen coords (1151, 577) -> Board coords [4, 5]
2024-11-26 21:27:38 - Board Position: F4 [Empty]
2024-11-26 21:27:38 - Attempting move E5 to F4
2024-11-26 21:27:38 - Move successful: E5 -> F4
2024-11-26 21:27:38 - White's turn to play
2024-11-26 21:27:38 - Selection cleared
2024-11-26 21:27:39 - Screen coords (797, 315) -> Board coords [1, 2]
2024-11-26 21:27:39 - Board Position: C7 [White King]
2024-11-26 21:27:39 - White piece selected at C7
2024-11-26 21:27:39 - Valid moves: A5 E5 D8 B6 B6 D8 E5 A5 
2024-11-26 21:27:40 - Screen coords (1003, 467) -> Board coords [3, 4]
2024-11-26 21:27:40 - Board Position: E5 [Empty]
2024-11-26 21:27:40 - Attempting move C7 to E5
2024-11-26 21:27:40 - Move successful: C7 -> E5
2024-11-26 21:27:40 - White captures a piece! Score: 3
2024-11-26 21:27:40 - Capture occurred! White can move again.
2024-11-26 21:27:40 - Selection cleared
2024-11-26 21:27:41 - Screen coords (1003, 467) -> Board coords [3, 4]
2024-11-26 21:27:41 - Board Position: E5 [White King]
2024-11-26 21:27:41 - White piece selected at E5
2024-11-26 21:27:41 - Valid moves: C7 D6 F6 D4 D4 F6 D6 C7 
2024-11-26 21:27:49 - Screen coords (863, 392) -> Board coords [2, 3]
2024-11-26 21:27:49 - Board Position: D6 [Empty]
2024-11-26 21:27:49 - Attempting move E5 to D6
2024-11-26 21:27:49 - Move successful: E5 -> D6
2024-11-26 21:27:49 - Black's turn to play
2024-11-26 21:27:49 - Selection cleared
2024-11-26 21:27:51 - Screen coords (1038, 705) -> Board coords [5, 4]
2024-11-26 21:27:51 - Board Position: E3 [White]
2024-11-26 21:27:51 - Invalid Selection: It's Black's turn
2024-11-26 21:27:52 - Screen coords (878, 366) -> Board coords [2, 3]
2024-11-26 21:27:52 - Board Position: D6 [White King]
2024-11-26 21:27:52 - Invalid Selection: It's Black's turn
2024-11-26 21:27:53 - Screen coords (779, 450) -> Board coords [3, 2]
2024-11-26 21:27:53 - Board Position: C5 [Black]
2024-11-26 21:27:53 - Black piece selected at C5
2024-11-26 21:27:53 - Valid moves: B4 D4 
2024-11-26 21:27:58 - Screen coords (1364, 381) -> Board coords [2, 7]
2024-11-26 21:27:58 - Board Position: H6 [Black]
2024-11-26 21:27:58 - Attempting move C5 to H6
2024-11-26 21:27:58 - Invalid move: Not in list of valid moves
2024-11-26 21:27:58 - Selection cleared
2024-11-26 21:27:59 - Screen coords (1345, 398) -> Board coords [2, 7]
2024-11-26 21:27:59 - Board Position: H6 [Black]
2024-11-26 21:27:59 - Black piece selected at H6
2024-11-26 21:27:59 - Valid moves: G5 
2024-11-26 21:28:00 - Screen coords (1152, 267) -> Board coords [1, 5]
2024-11-26 21:28:00 - Board Position: F7 [Empty]
2024-11-26 21:28:00 - Attempting move H6 to F7
2024-11-26 21:28:00 - Invalid move: Not in list of valid moves
2024-11-26 21:28:00 - Selection cleared
2024-11-26 21:28:00 - Screen coords (1130, 257) -> Board coords [0, 5]
2024-11-26 21:28:00 - Board Position: F8 [Black]
2024-11-26 21:28:00 - Black piece selected at F8
2024-11-26 21:28:00 - Valid moves: E7 
2024-11-26 21:28:01 - Screen coords (1013, 302) -> Board coords [1, 4]
2024-11-26 21:28:01 - Board Position: E7 [Empty]
2024-11-26 21:28:01 - Attempting move F8 to E7
2024-11-26 21:28:01 - Move successful: F8 -> E7
2024-11-26 21:28:01 - White's turn to play
2024-11-26 21:28:01 - Selection cleared
2024-11-26 21:28:02 - Screen coords (992, 655) -> Board coords [5, 4]
2024-11-26 21:28:02 - Board Position: E3 [White]
2024-11-26 21:28:02 - White piece selected at E3
2024-11-26 21:28:02 - Valid moves: D4 G5 
2024-11-26 21:28:04 - Screen coords (896, 598) -> Board coords [4, 3]
2024-11-26 21:28:04 - Board Position: D4 [Empty]
2024-11-26 21:28:04 - Attempting move E3 to D4
2024-11-26 21:28:04 - Move successful: E3 -> D4
2024-11-26 21:28:04 - Black's turn to play
2024-11-26 21:28:04 - Selection cleared
2024-11-26 21:28:10 - Screen coords (734, 428) -> Board coords [2, 2]
2024-11-26 21:28:10 - Board Position: C6 [Empty]
2024-11-26 21:28:11 - Screen coords (749, 453) -> Board coords [3, 2]
2024-11-26 21:28:11 - Board Position: C5 [Black]
2024-11-26 21:28:11 - Black piece selected at C5
2024-11-26 21:28:11 - Valid moves: B4 E3 
2024-11-26 21:28:15 - Screen coords (1024, 681) -> Board coords [5, 4]
2024-11-26 21:28:15 - Board Position: E3 [Empty]
2024-11-26 21:28:15 - Attempting move C5 to E3
2024-11-26 21:28:15 - Move successful: C5 -> E3
2024-11-26 21:28:15 - Black captures a piece! Score: 1
2024-11-26 21:28:15 - Capture occurred! Black can move again.
2024-11-26 21:28:15 - Selection cleared
2024-11-26 21:28:16 - Screen coords (1191, 823) -> Board coords [6, 5]
2024-11-26 21:28:16 - Board Position: F2 [White]
2024-11-26 21:28:16 - Invalid Selection: It's Black's turn
2024-11-26 21:28:17 - Screen coords (1196, 821) -> Board coords [6, 5]
2024-11-26 21:28:17 - Board Position: F2 [White]
2024-11-26 21:28:17 - Invalid Selection: It's Black's turn
2024-11-26 21:28:19 - Screen coords (1139, 609) -> Board coords [4, 5]
2024-11-26 21:28:19 - Board Position: F4 [Black]
2024-11-26 21:28:19 - Black piece selected at F4
2024-11-26 21:28:19 - Valid moves: H2 
2024-11-26 21:28:20 - Screen coords (1445, 815) -> Board coords [6, 7]
2024-11-26 21:28:20 - Board Position: H2 [Empty]
2024-11-26 21:28:20 - Attempting move F4 to H2
2024-11-26 21:28:20 - Move successful: F4 -> H2
2024-11-26 21:28:20 - Black captures a piece! Score: 2
2024-11-26 21:28:20 - Capture occurred! Black can move again.
2024-11-26 21:28:20 - Selection cleared
2024-11-26 21:28:21 - Screen coords (1153, 807) -> Board coords [6, 5]
2024-11-26 21:28:21 - Board Position: F2 [White]
2024-11-26 21:28:21 - Invalid Selection: It's Black's turn
2024-11-26 21:28:24 - Screen coords (718, 243) -> Board coords [0, 1]
2024-11-26 21:28:24 - Board Position: B8 [Black]
2024-11-26 21:28:24 - Black piece selected at B8
2024-11-26 21:28:24 - Valid moves: C7 
2024-11-26 21:28:26 - Screen coords (984, 300) -> Board coords [1, 4]
2024-11-26 21:28:26 - Board Position: E7 [Black]
2024-11-26 21:28:26 - Attempting move B8 to E7
2024-11-26 21:28:26 - Invalid move: Not in list of valid moves
2024-11-26 21:28:26 - Selection cleared
2024-11-26 21:28:27 - Screen coords (984, 314) -> Board coords [1, 4]
2024-11-26 21:28:27 - Board Position: E7 [Black]
2024-11-26 21:28:27 - Black piece selected at E7
2024-11-26 21:28:27 - Valid moves: F6 C5 
2024-11-26 21:28:27 - Screen coords (739, 483) -> Board coords [3, 2]
2024-11-26 21:28:27 - Board Position: C5 [Empty]
2024-11-26 21:28:27 - Attempting move E7 to C5
2024-11-26 21:28:27 - Move successful: E7 -> C5
2024-11-26 21:28:27 - Black captures a piece! Score: 3
2024-11-26 21:28:27 - Capture occurred! Black can move again.
2024-11-26 21:28:27 - Selection cleared
2024-11-26 21:28:29 - Screen coords (1148, 793) -> Board coords [6, 5]
2024-11-26 21:28:29 - Board Position: F2 [White]
2024-11-26 21:28:29 - Invalid Selection: It's Black's turn
2024-11-26 21:28:30 - Screen coords (1176, 803) -> Board coords [6, 5]
2024-11-26 21:28:30 - Board Position: F2 [White]
2024-11-26 21:28:30 - Invalid Selection: It's Black's turn
2024-11-26 21:28:31 - Screen coords (1224, 280) -> Board coords [1, 6]
2024-11-26 21:28:31 - Board Position: G7 [Black]
2024-11-26 21:28:31 - Black piece selected at G7
2024-11-26 21:28:31 - Valid moves: F6 
2024-11-26 21:28:32 - Screen coords (1097, 398) -> Board coords [2, 5]
2024-11-26 21:28:32 - Board Position: F6 [Empty]
2024-11-26 21:28:32 - Attempting move G7 to F6
2024-11-26 21:28:32 - Move successful: G7 -> F6
2024-11-26 21:28:32 - White's turn to play
2024-11-26 21:28:32 - Selection cleared
2024-11-26 21:28:33 - Screen coords (1164, 775) -> Board coords [6, 5]
2024-11-26 21:28:33 - Board Position: F2 [White]
2024-11-26 21:28:33 - White piece selected at F2
2024-11-26 21:28:33 - Valid moves: G3 D4 
2024-11-26 21:28:34 - Screen coords (905, 588) -> Board coords [4, 3]
2024-11-26 21:28:34 - Board Position: D4 [Empty]
2024-11-26 21:28:34 - Attempting move F2 to D4
2024-11-26 21:28:34 - Move successful: F2 -> D4
2024-11-26 21:28:34 - White captures a piece! Score: 4
2024-11-26 21:28:34 - Capture occurred! White can move again.
2024-11-26 21:28:34 - Selection cleared
2024-11-26 21:28:34 - Screen coords (905, 588) -> Board coords [4, 3]
2024-11-26 21:28:34 - Board Position: D4 [White]
2024-11-26 21:28:34 - White piece selected at D4
2024-11-26 21:28:34 - Valid moves: E5 B6 
2024-11-26 21:28:35 - Screen coords (667, 388) -> Board coords [2, 1]
2024-11-26 21:28:35 - Board Position: B6 [Empty]
2024-11-26 21:28:35 - Attempting move D4 to B6
2024-11-26 21:28:35 - Move successful: D4 -> B6
2024-11-26 21:28:35 - White captures a piece! Score: 5
2024-11-26 21:28:35 - Capture occurred! White can move again.
2024-11-26 21:28:35 - Selection cleared
2024-11-26 21:28:37 - Screen coords (483, 685) -> Board coords [5, 0]
2024-11-26 21:28:37 - Board Position: A3 [White]
2024-11-26 21:28:37 - White piece selected at A3
2024-11-26 21:28:37 - Valid moves: B4 
2024-11-26 21:28:37 - Screen coords (633, 607) -> Board coords [4, 1]
2024-11-26 21:28:37 - Board Position: B4 [Empty]
2024-11-26 21:28:37 - Attempting move A3 to B4
2024-11-26 21:28:37 - Move successful: A3 -> B4
2024-11-26 21:28:37 - Black's turn to play
2024-11-26 21:28:37 - Selection cleared
2024-11-26 21:28:38 - Screen coords (1341, 990) -> Board coords [7, 6]
2024-11-26 21:28:38 - Board Position: G1 [White]
2024-11-26 21:28:38 - Invalid Selection: It's Black's turn
2024-11-26 21:28:39 - Screen coords (1409, 971) -> Board coords [7, 6]
2024-11-26 21:28:39 - Board Position: G1 [White]
2024-11-26 21:28:39 - Invalid Selection: It's Black's turn
2024-11-26 21:28:42 - Screen coords (1288, 270) -> Board coords [1, 7]
2024-11-26 21:28:42 - Board Position: H7 [Empty]
2024-11-26 21:28:42 - Screen coords (1301, 233) -> Board coords [0, 7]
2024-11-26 21:28:42 - Board Position: H8 [Black]
2024-11-26 21:28:42 - Black piece selected at H8
2024-11-26 21:28:42 - Valid moves: G7 
2024-11-26 21:28:43 - Screen coords (1218, 315) -> Board coords [1, 6]
2024-11-26 21:28:43 - Board Position: G7 [Empty]
2024-11-26 21:28:43 - Attempting move H8 to G7
2024-11-26 21:28:43 - Move successful: H8 -> G7
2024-11-26 21:28:43 - White's turn to play
2024-11-26 21:28:43 - Selection cleared
2024-11-26 21:28:44 - Screen coords (1388, 932) -> Board coords [7, 6]
2024-11-26 21:28:44 - Board Position: G1 [White]
2024-11-26 21:28:44 - White piece selected at G1
2024-11-26 21:28:44 - Valid moves: F2 
2024-11-26 21:28:45 - Screen coords (1166, 824) -> Board coords [6, 5]
2024-11-26 21:28:45 - Board Position: F2 [Empty]
2024-11-26 21:28:45 - Attempting move G1 to F2
2024-11-26 21:28:45 - Move successful: G1 -> F2
2024-11-26 21:28:45 - Black's turn to play
2024-11-26 21:28:45 - Selection cleared
2024-11-26 21:28:45 - Screen coords (1443, 836) -> Board coords [6, 7]
2024-11-26 21:28:45 - Board Position: H2 [Black]
2024-11-26 21:28:45 - Black piece selected at H2
2024-11-26 21:28:45 - Valid moves: G1 
2024-11-26 21:28:46 - Screen coords (1371, 979) -> Board coords [7, 6]
2024-11-26 21:28:46 - Board Position: G1 [Empty]
2024-11-26 21:28:46 - Attempting move H2 to G1
2024-11-26 21:28:46 - Move successful: H2 -> G1
2024-11-26 21:28:46 - White's turn to play
2024-11-26 21:28:46 - Selection cleared
2024-11-26 21:28:48 - Screen coords (1406, 1017) -> Board coords [7, 6]
2024-11-26 21:28:48 - Board Position: G1 [Black King]
2024-11-26 21:28:48 - Invalid Selection: It's White's turn
2024-11-26 21:28:49 - Screen coords (673, 575) -> Board coords [4, 1]
2024-11-26 21:28:49 - Board Position: B4 [White]
2024-11-26 21:28:49 - White piece selected at B4
2024-11-26 21:28:49 - Valid moves: A5 C5 
2024-11-26 21:28:50 - Screen coords (822, 481) -> Board coords [3, 2]
2024-11-26 21:28:50 - Board Position: C5 [Empty]
2024-11-26 21:28:50 - Attempting move B4 to C5
2024-11-26 21:28:50 - Move successful: B4 -> C5
2024-11-26 21:28:50 - Black's turn to play
2024-11-26 21:28:50 - Selection cleared
2024-11-26 21:28:50 - Screen coords (1368, 922) -> Board coords [7, 6]
2024-11-26 21:28:50 - Board Position: G1 [Black King]
2024-11-26 21:28:50 - Black piece selected at G1
2024-11-26 21:28:50 - Valid moves: D4 E3 H2 H2 E3 D4 
2024-11-26 21:28:55 - Screen coords (892, 593) -> Board coords [4, 3]
2024-11-26 21:28:55 - Board Position: D4 [Empty]
2024-11-26 21:28:55 - Attempting move G1 to D4
2024-11-26 21:28:55 - Move successful: G1 -> D4
2024-11-26 21:28:55 - Black captures a piece! Score: 4
2024-11-26 21:28:55 - Capture occurred! Black can move again.
2024-11-26 21:28:55 - Selection cleared
2024-11-26 21:28:56 - Screen coords (869, 607) -> Board coords [4, 3]
2024-11-26 21:28:56 - Board Position: D4 [Black King]
2024-11-26 21:28:56 - Black piece selected at D4
2024-11-26 21:28:56 - Valid moves: G1 F2 E5 E3 E3 E5 F2 G1 
2024-11-26 21:28:59 - Screen coords (1048, 530) -> Board coords [4, 4]
2024-11-26 21:28:59 - Board Position: E4 [Empty]
2024-11-26 21:28:59 - Attempting move D4 to E4
2024-11-26 21:28:59 - Invalid move: Not in list of valid moves
2024-11-26 21:28:59 - Selection cleared
2024-11-26 21:29:00 - Screen coords (934, 563) -> Board coords [4, 3]
2024-11-26 21:29:00 - Board Position: D4 [Black King]
2024-11-26 21:29:00 - Black piece selected at D4
2024-11-26 21:29:00 - Valid moves: G1 F2 E5 E3 E3 E5 F2 G1 
2024-11-26 21:29:01 - Screen coords (1005, 481) -> Board coords [3, 4]
2024-11-26 21:29:01 - Board Position: E5 [Empty]
2024-11-26 21:29:01 - Attempting move D4 to E5
2024-11-26 21:29:01 - Move successful: D4 -> E5
2024-11-26 21:29:01 - White's turn to play
2024-11-26 21:29:01 - Selection cleared
2024-11-26 21:32:41 - Screen coords (734, 685) -> Board coords [5, 2]
2024-11-26 21:32:41 - Board Position: C3 [White]
2024-11-26 21:32:41 - White piece selected at C3
2024-11-26 21:32:41 - Valid moves: B4 D4 
2024-11-26 21:32:42 - Screen coords (888, 589) -> Board coords [4, 3]
2024-11-26 21:32:42 - Board Position: D4 [Empty]
2024-11-26 21:32:42 - Attempting move C3 to D4
2024-11-26 21:32:42 - Move successful: C3 -> D4
2024-11-26 21:32:42 - Black's turn to play
2024-11-26 21:32:42 - Selection cleared
2024-11-26 21:32:43 - Screen coords (1048, 465) -> Board coords [3, 4]
2024-11-26 21:32:43 - Board Position: E5 [Black King]
2024-11-26 21:32:43 - Black piece selected at E5
2024-11-26 21:32:43 - Valid moves: H2 C7 C3 G3 D6 F4 F4 D6 G3 C3 C7 H2 
